# JRE version: OpenJDK Runtime Environment Temurin-21.0.10+7 (21.0.10+7) (build 21.0.10+7-LTS)
# Java VM: OpenJDK 64-Bit Server VM Temurin-21.0.10+7 (21.0.10+7-LTS, mixed mode, sharing, tiered, compressed oops, compressed class ptrs, parallel gc, windows-amd64)
GC Precious Log:
 CardTable entry size: 512
 CPUs: 16 total, 16 available
 Memory: 16107M
 Large Page Support: Disabled
 NUMA Support: Disabled
 Compressed Oops: Enabled (32-bit)
 Alignments: Space 512K, Generation 512K, Heap 2M
 Heap Min Capacity: 100M
 Heap Initial Capacity: 100M
 Heap Max Capacity: 2G
 Pre-touch: Disabled
 Parallel Workers: 13
Heap:
 PSYoungGen      total 19968K, used 17287K [0x00000000d5580000, 0x00000000d6c80000, 0x0000000100000000)
  eden space 18944K, 86% used [0x00000000d5580000,0x00000000d6571f40,0x00000000d6800000)
  from space 1024K, 93% used [0x00000000d6b00000,0x00000000d6bf0000,0x00000000d6c00000)
  to   space 512K, 0% used [0x00000000d6c00000,0x00000000d6c00000,0x00000000d6c80000)
 ParOldGen       total 68608K, used 53702K [0x0000000080000000, 0x0000000084300000, 0x00000000d5580000)
  object space 68608K, 78% used [0x0000000080000000,0x0000000083471bf0,0x0000000084300000)
 Metaspace       used 67711K, committed 69184K, reserved 1114112K
  class space    used 7274K, committed 7936K, reserved 1048576K
GC Heap History (20 events):
Event: 21.062 GC heap before
{Heap before GC invocations=33 (full 2):
 PSYoungGen      total 20992K, used 20479K [0x00000000d5580000, 0x00000000d6b80000, 0x0000000100000000)
  eden space 19968K, 99% used [0x00000000d5580000,0x00000000d68ffc00,0x00000000d6900000)
  from space 1024K, 50% used [0x00000000d6a80000,0x00000000d6b00010,0x00000000d6b80000)
  to   space 1024K, 0% used [0x00000000d6900000,0x00000000d6900000,0x00000000d6a00000)
 ParOldGen       total 68608K, used 41539K [0x0000000080000000, 0x0000000084300000, 0x00000000d5580000)
  object space 68608K, 60% used [0x0000000080000000,0x0000000082890f78,0x0000000084300000)
 Metaspace       used 55727K, committed 56896K, reserved 1114112K
  class space    used 5967K, committed 6400K, reserved 1048576K
}
Event: 21.066 GC heap after
{Heap after GC invocations=33 (full 2):
 PSYoungGen      total 20992K, used 1017K [0x00000000d5580000, 0x00000000d6e00000, 0x0000000100000000)
  eden space 19968K, 0% used [0x00000000d5580000,0x00000000d5580000,0x00000000d6900000)
  from space 1024K, 99% used [0x00000000d6900000,0x00000000d69fe4b0,0x00000000d6a00000)
  to   space 2560K, 0% used [0x00000000d6b80000,0x00000000d6b80000,0x00000000d6e00000)
 ParOldGen       total 68608K, used 42633K [0x0000000080000000, 0x0000000084300000, 0x00000000d5580000)
  object space 68608K, 62% used [0x0000000080000000,0x00000000829a24b8,0x0000000084300000)
 Metaspace       used 55727K, committed 56896K, reserved 1114112K
  class space    used 5967K, committed 6400K, reserved 1048576K
}
Event: 21.705 GC heap before
{Heap before GC invocations=34 (full 2):
 PSYoungGen      total 20992K, used 20985K [0x00000000d5580000, 0x00000000d6e00000, 0x0000000100000000)
  eden space 19968K, 100% used [0x00000000d5580000,0x00000000d6900000,0x00000000d6900000)
  from space 1024K, 99% used [0x00000000d6900000,0x00000000d69fe4b0,0x00000000d6a00000)
  to   space 2560K, 0% used [0x00000000d6b80000,0x00000000d6b80000,0x00000000d6e00000)
 ParOldGen       total 68608K, used 42633K [0x0000000080000000, 0x0000000084300000, 0x00000000d5580000)
  object space 68608K, 62% used [0x0000000080000000,0x00000000829a24b8,0x0000000084300000)
 Metaspace       used 57973K, committed 59264K, reserved 1114112K
  class space    used 6237K, committed 6784K, reserved 1048576K
}
Event: 21.718 GC heap after
{Heap after GC invocations=34 (full 2):
 PSYoungGen      total 22528K, used 2269K [0x00000000d5580000, 0x00000000d6e00000, 0x0000000100000000)
  eden space 19968K, 0% used [0x00000000d5580000,0x00000000d5580000,0x00000000d6900000)
  from space 2560K, 88% used [0x00000000d6b80000,0x00000000d6db7518,0x00000000d6e00000)
  to   space 2560K, 0% used [0x00000000d6900000,0x00000000d6900000,0x00000000d6b80000)
 ParOldGen       total 68608K, used 43364K [0x0000000080000000, 0x0000000084300000, 0x00000000d5580000)
  object space 68608K, 63% used [0x0000000080000000,0x0000000082a593d8,0x0000000084300000)
 Metaspace       used 57973K, committed 59264K, reserved 1114112K
  class space    used 6237K, committed 6784K, reserved 1048576K
}
Event: 22.103 GC heap before
{Heap before GC invocations=35 (full 2):
 PSYoungGen      total 22528K, used 16780K [0x00000000d5580000, 0x00000000d6e00000, 0x0000000100000000)
  eden space 19968K, 72% used [0x00000000d5580000,0x00000000d63abdc0,0x00000000d6900000)
  from space 2560K, 88% used [0x00000000d6b80000,0x00000000d6db7518,0x00000000d6e00000)
  to   space 2560K, 0% used [0x00000000d6900000,0x00000000d6900000,0x00000000d6b80000)
 ParOldGen       total 68608K, used 43364K [0x0000000080000000, 0x0000000084300000, 0x00000000d5580000)
  object space 68608K, 63% used [0x0000000080000000,0x0000000082a593d8,0x0000000084300000)
 Metaspace       used 58985K, committed 60288K, reserved 1114112K
  class space    used 6321K, committed 6912K, reserved 1048576K
}
Event: 22.113 GC heap after
{Heap after GC invocations=35 (full 2):
 PSYoungGen      total 22528K, used 2558K [0x00000000d5580000, 0x00000000d7800000, 0x0000000100000000)
  eden space 19968K, 0% used [0x00000000d5580000,0x00000000d5580000,0x00000000d6900000)
  from space 2560K, 99% used [0x00000000d6900000,0x00000000d6b7fb40,0x00000000d6b80000)
  to   space 7680K, 0% used [0x00000000d7080000,0x00000000d7080000,0x00000000d7800000)
 ParOldGen       total 68608K, used 47320K [0x0000000080000000, 0x0000000084300000, 0x00000000d5580000)
  object space 68608K, 68% used [0x0000000080000000,0x0000000082e36098,0x0000000084300000)
 Metaspace       used 58985K, committed 60288K, reserved 1114112K
  class space    used 6321K, committed 6912K, reserved 1048576K
}
Event: 22.113 GC heap before
{Heap before GC invocations=36 (full 3):
 PSYoungGen      total 22528K, used 2558K [0x00000000d5580000, 0x00000000d7800000, 0x0000000100000000)
  eden space 19968K, 0% used [0x00000000d5580000,0x00000000d5580000,0x00000000d6900000)
  from space 2560K, 99% used [0x00000000d6900000,0x00000000d6b7fb40,0x00000000d6b80000)
  to   space 7680K, 0% used [0x00000000d7080000,0x00000000d7080000,0x00000000d7800000)
 ParOldGen       total 68608K, used 47320K [0x0000000080000000, 0x0000000084300000, 0x00000000d5580000)
  object space 68608K, 68% used [0x0000000080000000,0x0000000082e36098,0x0000000084300000)
 Metaspace       used 58985K, committed 60288K, reserved 1114112K
  class space    used 6321K, committed 6912K, reserved 1048576K
}
Event: 22.269 GC heap after
{Heap after GC invocations=36 (full 3):
 PSYoungGen      total 22528K, used 0K [0x00000000d5580000, 0x00000000d7800000, 0x0000000100000000)
  eden space 19968K, 0% used [0x00000000d5580000,0x00000000d5580000,0x00000000d6900000)
  from space 2560K, 0% used [0x00000000d6900000,0x00000000d6900000,0x00000000d6b80000)
  to   space 7680K, 0% used [0x00000000d7080000,0x00000000d7080000,0x00000000d7800000)
 ParOldGen       total 68608K, used 43809K [0x0000000080000000, 0x0000000084300000, 0x00000000d5580000)
  object space 68608K, 63% used [0x0000000080000000,0x0000000082ac85c8,0x0000000084300000)
 Metaspace       used 58981K, committed 60288K, reserved 1114112K
  class space    used 6320K, committed 6912K, reserved 1048576K
}
Event: 22.495 GC heap before
{Heap before GC invocations=37 (full 3):
 PSYoungGen      total 22528K, used 19968K [0x00000000d5580000, 0x00000000d7800000, 0x0000000100000000)
  eden space 19968K, 100% used [0x00000000d5580000,0x00000000d6900000,0x00000000d6900000)
  from space 2560K, 0% used [0x00000000d6900000,0x00000000d6900000,0x00000000d6b80000)
  to   space 7680K, 0% used [0x00000000d7080000,0x00000000d7080000,0x00000000d7800000)
 ParOldGen       total 68608K, used 43809K [0x0000000080000000, 0x0000000084300000, 0x00000000d5580000)
  object space 68608K, 63% used [0x0000000080000000,0x0000000082ac85c8,0x0000000084300000)
 Metaspace       used 59652K, committed 60928K, reserved 1114112K
  class space    used 6376K, committed 6912K, reserved 1048576K
}
Event: 22.503 GC heap after
{Heap after GC invocations=37 (full 3):
 PSYoungGen      total 26624K, used 7674K [0x00000000d5580000, 0x00000000d7a00000, 0x0000000100000000)
  eden space 18944K, 0% used [0x00000000d5580000,0x00000000d5580000,0x00000000d6800000)
  from space 7680K, 99% used [0x00000000d7080000,0x00000000d77fea20,0x00000000d7800000)
  to   space 8704K, 0% used [0x00000000d6800000,0x00000000d6800000,0x00000000d7080000)
 ParOldGen       total 68608K, used 44217K [0x0000000080000000, 0x0000000084300000, 0x00000000d5580000)
  object space 68608K, 64% used [0x0000000080000000,0x0000000082b2e5c8,0x0000000084300000)
 Metaspace       used 59652K, committed 60928K, reserved 1114112K
  class space    used 6376K, committed 6912K, reserved 1048576K
}
Event: 23.016 GC heap before
{Heap before GC invocations=38 (full 3):
 PSYoungGen      total 26624K, used 26618K [0x00000000d5580000, 0x00000000d7a00000, 0x0000000100000000)
  eden space 18944K, 100% used [0x00000000d5580000,0x00000000d6800000,0x00000000d6800000)
  from space 7680K, 99% used [0x00000000d7080000,0x00000000d77fea20,0x00000000d7800000)
  to   space 8704K, 0% used [0x00000000d6800000,0x00000000d6800000,0x00000000d7080000)
 ParOldGen       total 68608K, used 44286K [0x0000000080000000, 0x0000000084300000, 0x00000000d5580000)
  object space 68608K, 64% used [0x0000000080000000,0x0000000082b3f858,0x0000000084300000)
 Metaspace       used 61182K, committed 62528K, reserved 1114112K
  class space    used 6524K, committed 7104K, reserved 1048576K
}
Event: 23.023 GC heap after
{Heap after GC invocations=38 (full 3):
 PSYoungGen      total 20480K, used 1226K [0x00000000d5580000, 0x00000000d7100000, 0x0000000100000000)
  eden space 18944K, 0% used [0x00000000d5580000,0x00000000d5580000,0x00000000d6800000)
  from space 1536K, 79% used [0x00000000d6800000,0x00000000d6932be8,0x00000000d6980000)
  to   space 4096K, 0% used [0x00000000d6d00000,0x00000000d6d00000,0x00000000d7100000)
 ParOldGen       total 68608K, used 50029K [0x0000000080000000, 0x0000000084300000, 0x00000000d5580000)
  object space 68608K, 72% used [0x0000000080000000,0x00000000830db660,0x0000000084300000)
 Metaspace       used 61182K, committed 62528K, reserved 1114112K
  class space    used 6524K, committed 7104K, reserved 1048576K
}
Event: 23.658 GC heap before
{Heap before GC invocations=39 (full 3):
 PSYoungGen      total 20480K, used 20170K [0x00000000d5580000, 0x00000000d7100000, 0x0000000100000000)
  eden space 18944K, 99% used [0x00000000d5580000,0x00000000d67ffff8,0x00000000d6800000)
  from space 1536K, 79% used [0x00000000d6800000,0x00000000d6932be8,0x00000000d6980000)
  to   space 4096K, 0% used [0x00000000d6d00000,0x00000000d6d00000,0x00000000d7100000)
 ParOldGen       total 68608K, used 50058K [0x0000000080000000, 0x0000000084300000, 0x00000000d5580000)
  object space 68608K, 72% used [0x0000000080000000,0x00000000830e2b98,0x0000000084300000)
 Metaspace       used 62632K, committed 64064K, reserved 1114112K
  class space    used 6650K, committed 7232K, reserved 1048576K
}
Event: 23.661 GC heap after
{Heap after GC invocations=39 (full 3):
 PSYoungGen      total 20992K, used 1769K [0x00000000d5580000, 0x00000000d6f00000, 0x0000000100000000)
  eden space 18944K, 0% used [0x00000000d5580000,0x00000000d5580000,0x00000000d6800000)
  from space 2048K, 86% used [0x00000000d6d00000,0x00000000d6eba6d0,0x00000000d6f00000)
  to   space 2048K, 0% used [0x00000000d6b00000,0x00000000d6b00000,0x00000000d6d00000)
 ParOldGen       total 68608K, used 50972K [0x0000000080000000, 0x0000000084300000, 0x00000000d5580000)
  object space 68608K, 74% used [0x0000000080000000,0x00000000831c72d0,0x0000000084300000)
 Metaspace       used 62632K, committed 64064K, reserved 1114112K
  class space    used 6650K, committed 7232K, reserved 1048576K
}
Event: 24.536 GC heap before
{Heap before GC invocations=40 (full 3):
 PSYoungGen      total 20992K, used 20713K [0x00000000d5580000, 0x00000000d6f00000, 0x0000000100000000)
  eden space 18944K, 100% used [0x00000000d5580000,0x00000000d6800000,0x00000000d6800000)
  from space 2048K, 86% used [0x00000000d6d00000,0x00000000d6eba6d0,0x00000000d6f00000)
  to   space 2048K, 0% used [0x00000000d6b00000,0x00000000d6b00000,0x00000000d6d00000)
 ParOldGen       total 68608K, used 50972K [0x0000000080000000, 0x0000000084300000, 0x00000000d5580000)
  object space 68608K, 74% used [0x0000000080000000,0x00000000831c72d0,0x0000000084300000)
 Metaspace       used 64258K, committed 65536K, reserved 1114112K
  class space    used 6810K, committed 7360K, reserved 1048576K
}
Event: 24.540 GC heap after
{Heap after GC invocations=40 (full 3):
 PSYoungGen      total 19968K, used 960K [0x00000000d5580000, 0x00000000d6d80000, 0x0000000100000000)
  eden space 18944K, 0% used [0x00000000d5580000,0x00000000d5580000,0x00000000d6800000)
  from space 1024K, 93% used [0x00000000d6b00000,0x00000000d6bf0000,0x00000000d6c00000)
  to   space 1536K, 0% used [0x00000000d6c00000,0x00000000d6c00000,0x00000000d6d80000)
 ParOldGen       total 68608K, used 52536K [0x0000000080000000, 0x0000000084300000, 0x00000000d5580000)
  object space 68608K, 76% used [0x0000000080000000,0x000000008334e140,0x0000000084300000)
 Metaspace       used 64258K, committed 65536K, reserved 1114112K
  class space    used 6810K, committed 7360K, reserved 1048576K
}
Event: 25.040 GC heap before
{Heap before GC invocations=41 (full 3):
 PSYoungGen      total 19968K, used 19904K [0x00000000d5580000, 0x00000000d6d80000, 0x0000000100000000)
  eden space 18944K, 100% used [0x00000000d5580000,0x00000000d6800000,0x00000000d6800000)
  from space 1024K, 93% used [0x00000000d6b00000,0x00000000d6bf0000,0x00000000d6c00000)
  to   space 1536K, 0% used [0x00000000d6c00000,0x00000000d6c00000,0x00000000d6d80000)
 ParOldGen       total 68608K, used 52546K [0x0000000080000000, 0x0000000084300000, 0x00000000d5580000)
  object space 68608K, 76% used [0x0000000080000000,0x00000000833509b8,0x0000000084300000)
 Metaspace       used 66223K, committed 67520K, reserved 1114112K
  class space    used 7108K, committed 7680K, reserved 1048576K
}
Event: 25.043 GC heap after
{Heap after GC invocations=41 (full 3):
 PSYoungGen      total 19968K, used 817K [0x00000000d5580000, 0x00000000d6d00000, 0x0000000100000000)
  eden space 18944K, 0% used [0x00000000d5580000,0x00000000d5580000,0x00000000d6800000)
  from space 1024K, 79% used [0x00000000d6c00000,0x00000000d6ccc628,0x00000000d6d00000)
  to   space 1024K, 0% used [0x00000000d6b00000,0x00000000d6b00000,0x00000000d6c00000)
 ParOldGen       total 68608K, used 53274K [0x0000000080000000, 0x0000000084300000, 0x00000000d5580000)
  object space 68608K, 77% used [0x0000000080000000,0x00000000834069c8,0x0000000084300000)
 Metaspace       used 66223K, committed 67520K, reserved 1114112K
  class space    used 7108K, committed 7680K, reserved 1048576K
}
Event: 24060.610 GC heap before
{Heap before GC invocations=42 (full 3):
 PSYoungGen      total 19968K, used 19761K [0x00000000d5580000, 0x00000000d6d00000, 0x0000000100000000)
  eden space 18944K, 100% used [0x00000000d5580000,0x00000000d6800000,0x00000000d6800000)
  from space 1024K, 79% used [0x00000000d6c00000,0x00000000d6ccc628,0x00000000d6d00000)
  to   space 1024K, 0% used [0x00000000d6b00000,0x00000000d6b00000,0x00000000d6c00000)
 ParOldGen       total 68608K, used 53275K [0x0000000080000000, 0x0000000084300000, 0x00000000d5580000)
  object space 68608K, 77% used [0x0000000080000000,0x0000000083406fe0,0x0000000084300000)
 Metaspace       used 67692K, committed 69184K, reserved 1114112K
  class space    used 7274K, committed 7936K, reserved 1048576K
}
Event: 24060.619 GC heap after
{Heap after GC invocations=42 (full 3):
 PSYoungGen      total 19968K, used 960K [0x00000000d5580000, 0x00000000d6c80000, 0x0000000100000000)
  eden space 18944K, 0% used [0x00000000d5580000,0x00000000d5580000,0x00000000d6800000)
  from space 1024K, 93% used [0x00000000d6b00000,0x00000000d6bf0000,0x00000000d6c00000)
  to   space 512K, 0% used [0x00000000d6c00000,0x00000000d6c00000,0x00000000d6c80000)
 ParOldGen       total 68608K, used 53702K [0x0000000080000000, 0x0000000084300000, 0x00000000d5580000)
  object space 68608K, 78% used [0x0000000080000000,0x0000000083471bf0,0x0000000084300000)
 Metaspace       used 67692K, committed 69184K, reserved 1114112K
  class space    used 7274K, committed 7936K, reserved 1048576K
}

