# JRE version: OpenJDK Runtime Environment Temurin-21.0.10+7 (21.0.10+7) (build 21.0.10+7-LTS)
# Java VM: OpenJDK 64-Bit Server VM Temurin-21.0.10+7 (21.0.10+7-LTS, mixed mode, sharing, tiered, compressed oops, compressed class ptrs, parallel gc, windows-amd64)
GC Precious Log:
 CardTable entry size: 512
 CPUs: 16 total, 16 available
 Memory: 16107M
 Large Page Support: Disabled
 NUMA Support: Disabled
 Compressed Oops: Enabled (32-bit)
 Alignments: Space 512K, Generation 512K, Heap 2M
 Heap Min Capacity: 100M
 Heap Initial Capacity: 100M
 Heap Max Capacity: 2G
 Pre-touch: Disabled
 Parallel Workers: 13
Heap:
 PSYoungGen      total 22528K, used 15982K [0x00000000d5580000, 0x00000000d6e80000, 0x0000000100000000)
  eden space 20480K, 68% used [0x00000000d5580000,0x00000000d6326a00,0x00000000d6980000)
  from space 2048K, 97% used [0x00000000d6c80000,0x00000000d6e74f80,0x00000000d6e80000)
  to   space 2560K, 0% used [0x00000000d6980000,0x00000000d6980000,0x00000000d6c00000)
 ParOldGen       total 68608K, used 45247K [0x0000000080000000, 0x0000000084300000, 0x00000000d5580000)
  object space 68608K, 65% used [0x0000000080000000,0x0000000082c2fc78,0x0000000084300000)
 Metaspace       used 67155K, committed 68480K, reserved 1114112K
  class space    used 7171K, committed 7744K, reserved 1048576K
GC Heap History (20 events):
Event: 46.899 GC heap before
{Heap before GC invocations=30 (full 2):
 PSYoungGen      total 23040K, used 23034K [0x00000000d5580000, 0x00000000d7680000, 0x0000000100000000)
  eden space 20480K, 100% used [0x00000000d5580000,0x00000000d6980000,0x00000000d6980000)
  from space 2560K, 99% used [0x00000000d6980000,0x00000000d6bfea88,0x00000000d6c00000)
  to   space 6656K, 0% used [0x00000000d7000000,0x00000000d7000000,0x00000000d7680000)
 ParOldGen       total 68608K, used 39045K [0x0000000080000000, 0x0000000084300000, 0x00000000d5580000)
  object space 68608K, 56% used [0x0000000080000000,0x00000000826217d8,0x0000000084300000)
 Metaspace       used 54965K, committed 56128K, reserved 1114112K
  class space    used 5989K, committed 6464K, reserved 1048576K
}
Event: 46.915 GC heap after
{Heap after GC invocations=30 (full 2):
 PSYoungGen      total 23040K, used 2443K [0x00000000d5580000, 0x00000000d7280000, 0x0000000100000000)
  eden space 20480K, 0% used [0x00000000d5580000,0x00000000d5580000,0x00000000d6980000)
  from space 2560K, 95% used [0x00000000d7000000,0x00000000d7262e58,0x00000000d7280000)
  to   space 4096K, 0% used [0x00000000d6a80000,0x00000000d6a80000,0x00000000d6e80000)
 ParOldGen       total 68608K, used 41591K [0x0000000080000000, 0x0000000084300000, 0x00000000d5580000)
  object space 68608K, 60% used [0x0000000080000000,0x000000008289dc30,0x0000000084300000)
 Metaspace       used 54965K, committed 56128K, reserved 1114112K
  class space    used 5989K, committed 6464K, reserved 1048576K
}
Event: 48.159 GC heap before
{Heap before GC invocations=31 (full 2):
 PSYoungGen      total 23040K, used 22923K [0x00000000d5580000, 0x00000000d7280000, 0x0000000100000000)
  eden space 20480K, 100% used [0x00000000d5580000,0x00000000d6980000,0x00000000d6980000)
  from space 2560K, 95% used [0x00000000d7000000,0x00000000d7262e58,0x00000000d7280000)
  to   space 4096K, 0% used [0x00000000d6a80000,0x00000000d6a80000,0x00000000d6e80000)
 ParOldGen       total 68608K, used 41591K [0x0000000080000000, 0x0000000084300000, 0x00000000d5580000)
  object space 68608K, 60% used [0x0000000080000000,0x000000008289dc30,0x0000000084300000)
 Metaspace       used 55823K, committed 57024K, reserved 1114112K
  class space    used 6098K, committed 6592K, reserved 1048576K
}
Event: 48.168 GC heap after
{Heap after GC invocations=31 (full 2):
 PSYoungGen      total 24576K, used 608K [0x00000000d5580000, 0x00000000d7080000, 0x0000000100000000)
  eden space 20480K, 0% used [0x00000000d5580000,0x00000000d5580000,0x00000000d6980000)
  from space 4096K, 14% used [0x00000000d6a80000,0x00000000d6b18010,0x00000000d6e80000)
  to   space 1536K, 0% used [0x00000000d6f00000,0x00000000d6f00000,0x00000000d7080000)
 ParOldGen       total 68608K, used 43884K [0x0000000080000000, 0x0000000084300000, 0x00000000d5580000)
  object space 68608K, 63% used [0x0000000080000000,0x0000000082adb168,0x0000000084300000)
 Metaspace       used 55823K, committed 57024K, reserved 1114112K
  class space    used 6098K, committed 6592K, reserved 1048576K
}
Event: 49.449 GC heap before
{Heap before GC invocations=32 (full 2):
 PSYoungGen      total 24576K, used 21088K [0x00000000d5580000, 0x00000000d7080000, 0x0000000100000000)
  eden space 20480K, 100% used [0x00000000d5580000,0x00000000d6980000,0x00000000d6980000)
  from space 4096K, 14% used [0x00000000d6a80000,0x00000000d6b18010,0x00000000d6e80000)
  to   space 1536K, 0% used [0x00000000d6f00000,0x00000000d6f00000,0x00000000d7080000)
 ParOldGen       total 68608K, used 43884K [0x0000000080000000, 0x0000000084300000, 0x00000000d5580000)
  object space 68608K, 63% used [0x0000000080000000,0x0000000082adb168,0x0000000084300000)
 Metaspace       used 56713K, committed 57856K, reserved 1114112K
  class space    used 6181K, committed 6656K, reserved 1048576K
}
Event: 49.457 GC heap after
{Heap after GC invocations=32 (full 2):
 PSYoungGen      total 22016K, used 1515K [0x00000000d5580000, 0x00000000d7080000, 0x0000000100000000)
  eden space 20480K, 0% used [0x00000000d5580000,0x00000000d5580000,0x00000000d6980000)
  from space 1536K, 98% used [0x00000000d6f00000,0x00000000d707acc0,0x00000000d7080000)
  to   space 2560K, 0% used [0x00000000d6b80000,0x00000000d6b80000,0x00000000d6e00000)
 ParOldGen       total 68608K, used 44252K [0x0000000080000000, 0x0000000084300000, 0x00000000d5580000)
  object space 68608K, 64% used [0x0000000080000000,0x0000000082b37168,0x0000000084300000)
 Metaspace       used 56713K, committed 57856K, reserved 1114112K
  class space    used 6181K, committed 6656K, reserved 1048576K
}
Event: 50.891 GC heap before
{Heap before GC invocations=33 (full 2):
 PSYoungGen      total 22016K, used 21995K [0x00000000d5580000, 0x00000000d7080000, 0x0000000100000000)
  eden space 20480K, 100% used [0x00000000d5580000,0x00000000d6980000,0x00000000d6980000)
  from space 1536K, 98% used [0x00000000d6f00000,0x00000000d707acc0,0x00000000d7080000)
  to   space 2560K, 0% used [0x00000000d6b80000,0x00000000d6b80000,0x00000000d6e00000)
 ParOldGen       total 68608K, used 44252K [0x0000000080000000, 0x0000000084300000, 0x00000000d5580000)
  object space 68608K, 64% used [0x0000000080000000,0x0000000082b37168,0x0000000084300000)
 Metaspace       used 56725K, committed 57856K, reserved 1114112K
  class space    used 6181K, committed 6656K, reserved 1048576K
}
Event: 50.895 GC heap after
{Heap after GC invocations=33 (full 2):
 PSYoungGen      total 23040K, used 991K [0x00000000d5580000, 0x00000000d6f80000, 0x0000000100000000)
  eden space 20480K, 0% used [0x00000000d5580000,0x00000000d5580000,0x00000000d6980000)
  from space 2560K, 38% used [0x00000000d6b80000,0x00000000d6c77d90,0x00000000d6e00000)
  to   space 1536K, 0% used [0x00000000d6e00000,0x00000000d6e00000,0x00000000d6f80000)
 ParOldGen       total 68608K, used 44912K [0x0000000080000000, 0x0000000084300000, 0x00000000d5580000)
  object space 68608K, 65% used [0x0000000080000000,0x0000000082bdc2e0,0x0000000084300000)
 Metaspace       used 56725K, committed 57856K, reserved 1114112K
  class space    used 6181K, committed 6656K, reserved 1048576K
}
Event: 51.667 GC heap before
{Heap before GC invocations=34 (full 2):
 PSYoungGen      total 23040K, used 13214K [0x00000000d5580000, 0x00000000d6f80000, 0x0000000100000000)
  eden space 20480K, 59% used [0x00000000d5580000,0x00000000d616fd58,0x00000000d6980000)
  from space 2560K, 38% used [0x00000000d6b80000,0x00000000d6c77d90,0x00000000d6e00000)
  to   space 1536K, 0% used [0x00000000d6e00000,0x00000000d6e00000,0x00000000d6f80000)
 ParOldGen       total 68608K, used 44912K [0x0000000080000000, 0x0000000084300000, 0x00000000d5580000)
  object space 68608K, 65% used [0x0000000080000000,0x0000000082bdc2e0,0x0000000084300000)
 Metaspace       used 58560K, committed 59776K, reserved 1114112K
  class space    used 6324K, committed 6848K, reserved 1048576K
}
Event: 51.670 GC heap after
{Heap after GC invocations=34 (full 2):
 PSYoungGen      total 21504K, used 576K [0x00000000d5580000, 0x00000000d6f00000, 0x0000000100000000)
  eden space 20480K, 0% used [0x00000000d5580000,0x00000000d5580000,0x00000000d6980000)
  from space 1024K, 56% used [0x00000000d6e00000,0x00000000d6e90000,0x00000000d6f00000)
  to   space 1024K, 0% used [0x00000000d6d00000,0x00000000d6d00000,0x00000000d6e00000)
 ParOldGen       total 68608K, used 44936K [0x0000000080000000, 0x0000000084300000, 0x00000000d5580000)
  object space 68608K, 65% used [0x0000000080000000,0x0000000082be22e0,0x0000000084300000)
 Metaspace       used 58560K, committed 59776K, reserved 1114112K
  class space    used 6324K, committed 6848K, reserved 1048576K
}
Event: 51.670 GC heap before
{Heap before GC invocations=35 (full 3):
 PSYoungGen      total 21504K, used 576K [0x00000000d5580000, 0x00000000d6f00000, 0x0000000100000000)
  eden space 20480K, 0% used [0x00000000d5580000,0x00000000d5580000,0x00000000d6980000)
  from space 1024K, 56% used [0x00000000d6e00000,0x00000000d6e90000,0x00000000d6f00000)
  to   space 1024K, 0% used [0x00000000d6d00000,0x00000000d6d00000,0x00000000d6e00000)
 ParOldGen       total 68608K, used 44936K [0x0000000080000000, 0x0000000084300000, 0x00000000d5580000)
  object space 68608K, 65% used [0x0000000080000000,0x0000000082be22e0,0x0000000084300000)
 Metaspace       used 58560K, committed 59776K, reserved 1114112K
  class space    used 6324K, committed 6848K, reserved 1048576K
}
Event: 51.906 GC heap after
{Heap after GC invocations=35 (full 3):
 PSYoungGen      total 21504K, used 0K [0x00000000d5580000, 0x00000000d6f00000, 0x0000000100000000)
  eden space 20480K, 0% used [0x00000000d5580000,0x00000000d5580000,0x00000000d6980000)
  from space 1024K, 0% used [0x00000000d6e00000,0x00000000d6e00000,0x00000000d6f00000)
  to   space 1024K, 0% used [0x00000000d6d00000,0x00000000d6d00000,0x00000000d6e00000)
 ParOldGen       total 68608K, used 41275K [0x0000000080000000, 0x0000000084300000, 0x00000000d5580000)
  object space 68608K, 60% used [0x0000000080000000,0x000000008284ef28,0x0000000084300000)
 Metaspace       used 58560K, committed 59776K, reserved 1114112K
  class space    used 6324K, committed 6848K, reserved 1048576K
}
Event: 53.800 GC heap before
{Heap before GC invocations=36 (full 3):
 PSYoungGen      total 21504K, used 20480K [0x00000000d5580000, 0x00000000d6f00000, 0x0000000100000000)
  eden space 20480K, 100% used [0x00000000d5580000,0x00000000d6980000,0x00000000d6980000)
  from space 1024K, 0% used [0x00000000d6e00000,0x00000000d6e00000,0x00000000d6f00000)
  to   space 1024K, 0% used [0x00000000d6d00000,0x00000000d6d00000,0x00000000d6e00000)
 ParOldGen       total 68608K, used 41275K [0x0000000080000000, 0x0000000084300000, 0x00000000d5580000)
  object space 68608K, 60% used [0x0000000080000000,0x000000008284ef28,0x0000000084300000)
 Metaspace       used 60918K, committed 62016K, reserved 1114112K
  class space    used 6602K, committed 7040K, reserved 1048576K
}
Event: 53.805 GC heap after
{Heap after GC invocations=36 (full 3):
 PSYoungGen      total 21504K, used 976K [0x00000000d5580000, 0x00000000d6e80000, 0x0000000100000000)
  eden space 20480K, 0% used [0x00000000d5580000,0x00000000d5580000,0x00000000d6980000)
  from space 1024K, 95% used [0x00000000d6d00000,0x00000000d6df4040,0x00000000d6e00000)
  to   space 512K, 0% used [0x00000000d6e00000,0x00000000d6e00000,0x00000000d6e80000)
 ParOldGen       total 68608K, used 41283K [0x0000000080000000, 0x0000000084300000, 0x00000000d5580000)
  object space 68608K, 60% used [0x0000000080000000,0x0000000082850f28,0x0000000084300000)
 Metaspace       used 60918K, committed 62016K, reserved 1114112K
  class space    used 6602K, committed 7040K, reserved 1048576K
}
Event: 55.604 GC heap before
{Heap before GC invocations=37 (full 3):
 PSYoungGen      total 21504K, used 21456K [0x00000000d5580000, 0x00000000d6e80000, 0x0000000100000000)
  eden space 20480K, 100% used [0x00000000d5580000,0x00000000d6980000,0x00000000d6980000)
  from space 1024K, 95% used [0x00000000d6d00000,0x00000000d6df4040,0x00000000d6e00000)
  to   space 512K, 0% used [0x00000000d6e00000,0x00000000d6e00000,0x00000000d6e80000)
 ParOldGen       total 68608K, used 41283K [0x0000000080000000, 0x0000000084300000, 0x00000000d5580000)
  object space 68608K, 60% used [0x0000000080000000,0x0000000082850f28,0x0000000084300000)
 Metaspace       used 63081K, committed 64320K, reserved 1114112K
  class space    used 6804K, committed 7296K, reserved 1048576K
}
Event: 55.614 GC heap after
{Heap after GC invocations=37 (full 3):
 PSYoungGen      total 20992K, used 484K [0x00000000d5580000, 0x00000000d7080000, 0x0000000100000000)
  eden space 20480K, 0% used [0x00000000d5580000,0x00000000d5580000,0x00000000d6980000)
  from space 512K, 94% used [0x00000000d6e00000,0x00000000d6e79160,0x00000000d6e80000)
  to   space 3584K, 0% used [0x00000000d6980000,0x00000000d6980000,0x00000000d6d00000)
 ParOldGen       total 68608K, used 43622K [0x0000000080000000, 0x0000000084300000, 0x00000000d5580000)
  object space 68608K, 63% used [0x0000000080000000,0x0000000082a99a60,0x0000000084300000)
 Metaspace       used 63081K, committed 64320K, reserved 1114112K
  class space    used 6804K, committed 7296K, reserved 1048576K
}
Event: 57.006 GC heap before
{Heap before GC invocations=38 (full 3):
 PSYoungGen      total 20992K, used 20964K [0x00000000d5580000, 0x00000000d7080000, 0x0000000100000000)
  eden space 20480K, 100% used [0x00000000d5580000,0x00000000d6980000,0x00000000d6980000)
  from space 512K, 94% used [0x00000000d6e00000,0x00000000d6e79160,0x00000000d6e80000)
  to   space 3584K, 0% used [0x00000000d6980000,0x00000000d6980000,0x00000000d6d00000)
 ParOldGen       total 68608K, used 43622K [0x0000000080000000, 0x0000000084300000, 0x00000000d5580000)
  object space 68608K, 63% used [0x0000000080000000,0x0000000082a99a60,0x0000000084300000)
 Metaspace       used 64824K, committed 66112K, reserved 1114112K
  class space    used 6966K, committed 7488K, reserved 1048576K
}
Event: 57.011 GC heap after
{Heap after GC invocations=38 (full 3):
 PSYoungGen      total 22016K, used 1377K [0x00000000d5580000, 0x00000000d6e80000, 0x0000000100000000)
  eden space 20480K, 0% used [0x00000000d5580000,0x00000000d5580000,0x00000000d6980000)
  from space 1536K, 89% used [0x00000000d6980000,0x00000000d6ad84e0,0x00000000d6b00000)
  to   space 2048K, 0% used [0x00000000d6c80000,0x00000000d6c80000,0x00000000d6e80000)
 ParOldGen       total 68608K, used 44155K [0x0000000080000000, 0x0000000084300000, 0x00000000d5580000)
  object space 68608K, 64% used [0x0000000080000000,0x0000000082b1ece8,0x0000000084300000)
 Metaspace       used 64824K, committed 66112K, reserved 1114112K
  class space    used 6966K, committed 7488K, reserved 1048576K
}
Event: 59.580 GC heap before
{Heap before GC invocations=39 (full 3):
 PSYoungGen      total 22016K, used 21845K [0x00000000d5580000, 0x00000000d6e80000, 0x0000000100000000)
  eden space 20480K, 99% used [0x00000000d5580000,0x00000000d697cfa0,0x00000000d6980000)
  from space 1536K, 89% used [0x00000000d6980000,0x00000000d6ad84e0,0x00000000d6b00000)
  to   space 2048K, 0% used [0x00000000d6c80000,0x00000000d6c80000,0x00000000d6e80000)
 ParOldGen       total 68608K, used 44155K [0x0000000080000000, 0x0000000084300000, 0x00000000d5580000)
  object space 68608K, 64% used [0x0000000080000000,0x0000000082b1ece8,0x0000000084300000)
 Metaspace       used 66325K, committed 67648K, reserved 1114112K
  class space    used 7096K, committed 7680K, reserved 1048576K
}
Event: 59.585 GC heap after
{Heap after GC invocations=39 (full 3):
 PSYoungGen      total 22528K, used 2003K [0x00000000d5580000, 0x00000000d6e80000, 0x0000000100000000)
  eden space 20480K, 0% used [0x00000000d5580000,0x00000000d5580000,0x00000000d6980000)
  from space 2048K, 97% used [0x00000000d6c80000,0x00000000d6e74f80,0x00000000d6e80000)
  to   space 2560K, 0% used [0x00000000d6980000,0x00000000d6980000,0x00000000d6c00000)
 ParOldGen       total 68608K, used 45247K [0x0000000080000000, 0x0000000084300000, 0x00000000d5580000)
  object space 68608K, 65% used [0x0000000080000000,0x0000000082c2fc78,0x0000000084300000)
 Metaspace       used 66325K, committed 67648K, reserved 1114112K
  class space    used 7096K, committed 7680K, reserved 1048576K
}

